{
  "RSpec": {
    "coverage": {
      "/Users/sowmyaudai/projects/went-to-bali-mwahaha/spec/models/order_items_spec.rb": [
        1,
        null,
        1,
        2,
        2,
        null,
        2,
        2,
        null
      ],
      "/Users/sowmyaudai/projects/went-to-bali-mwahaha/spec/rails_helper.rb": [
        null,
        1,
        1,
        1,
        null,
        1,
        1,
        null,
        null,
        null,
        null,
        null,
        null,
        null,
        null,
        null,
        null,
        null,
        null,
        null,
        null,
        null,
        null,
        null,
        null,
        null,
        1,
        null,
        1,
        null,
        1,
        null,
        null,
        null,
        null,
        1,
        null,
        null,
        null,
        null,
        null,
        null,
        null,
        null,
        null,
        null,
        null,
        null,
        null,
        null,
        1,
        null,
        null,
        1,
        null,
        null,
        null,
        null,
        1,
        null,
        1,
        1,
        1,
        1,
        null,
        null
      ],
      "/Users/sowmyaudai/projects/went-to-bali-mwahaha/config/environment.rb": [
        null,
        1,
        null,
        null,
        1
      ],
      "/Users/sowmyaudai/projects/went-to-bali-mwahaha/config/application.rb": [
        1,
        null,
        1,
        null,
        1,
        1,
        1,
        1,
        1,
        1,
        1,
        1,
        null,
        null,
        null,
        null,
        1,
        null,
        1,
        1,
        null,
        null,
        null,
        null,
        null
      ],
      "/Users/sowmyaudai/projects/went-to-bali-mwahaha/config/boot.rb": [
        1,
        null,
        1
      ],
      "/Users/sowmyaudai/projects/went-to-bali-mwahaha/config/environments/test.rb": [
        1,
        null,
        null,
        null,
        null,
        null,
        null,
        1,
        null,
        null,
        null,
        null,
        1,
        null,
        null,
        1,
        1,
        null,
        null,
        null,
        null,
        1,
        1,
        null,
        null,
        1,
        null,
        null,
        1,
        1,
        null,
        null,
        null,
        null,
        1,
        null,
        null,
        1,
        null,
        null,
        null,
        null
      ],
      "/Users/sowmyaudai/projects/went-to-bali-mwahaha/config/initializers/application_controller_renderer.rb": [
        null,
        null,
        null,
        null,
        null,
        null
      ],
      "/Users/sowmyaudai/projects/went-to-bali-mwahaha/config/initializers/assets.rb": [
        null,
        null,
        null,
        1,
        null,
        null,
        null,
        null,
        null,
        null,
        null
      ],
      "/Users/sowmyaudai/projects/went-to-bali-mwahaha/config/initializers/backtrace_silencers.rb": [
        null,
        null,
        null,
        null,
        null,
        null,
        null
      ],
      "/Users/sowmyaudai/projects/went-to-bali-mwahaha/config/initializers/cookies_serializer.rb": [
        null,
        null,
        null,
        null,
        1
      ],
      "/Users/sowmyaudai/projects/went-to-bali-mwahaha/config/initializers/filter_parameter_logging.rb": [
        null,
        null,
        null,
        1
      ],
      "/Users/sowmyaudai/projects/went-to-bali-mwahaha/config/initializers/inflections.rb": [
        null,
        null,
        null,
        null,
        null,
        null,
        null,
        null,
        null,
        null,
        null,
        null,
        null,
        null,
        null,
        null
      ],
      "/Users/sowmyaudai/projects/went-to-bali-mwahaha/config/initializers/mime_types.rb": [
        null,
        null,
        null,
        null
      ],
      "/Users/sowmyaudai/projects/went-to-bali-mwahaha/config/initializers/new_framework_defaults.rb": [
        null,
        null,
        null,
        null,
        null,
        null,
        null,
        1,
        null,
        null,
        1,
        null,
        null,
        null,
        1,
        null,
        null,
        1,
        null,
        null,
        1,
        null,
        null,
        1
      ],
      "/Users/sowmyaudai/projects/went-to-bali-mwahaha/config/initializers/session_store.rb": [
        null,
        null,
        1
      ],
      "/Users/sowmyaudai/projects/went-to-bali-mwahaha/config/initializers/wrap_parameters.rb": [
        null,
        null,
        null,
        null,
        null,
        null,
        1,
        2,
        null,
        null,
        null,
        null,
        null,
        null
      ],
      "/Users/sowmyaudai/projects/went-to-bali-mwahaha/config/routes.rb": [
        1,
        null,
        1,
        null,
        1,
        1,
        null,
        1,
        1,
        1,
        null,
        1,
        1,
        1,
        null,
        1,
        null,
        null
      ],
      "/Users/sowmyaudai/projects/went-to-bali-mwahaha/app/helpers/application_helper.rb": [
        1,
        null
      ],
      "/Users/sowmyaudai/projects/went-to-bali-mwahaha/app/helpers/cart_helper.rb": [
        1,
        1,
        0,
        null,
        null
      ],
      "/Users/sowmyaudai/projects/went-to-bali-mwahaha/app/models/order_item.rb": [
        1,
        1,
        1,
        1,
        null
      ],
      "/Users/sowmyaudai/projects/went-to-bali-mwahaha/app/models/application_record.rb": [
        1,
        1,
        null
      ],
      "/Users/sowmyaudai/projects/went-to-bali-mwahaha/spec/models/order_spec.rb": [
        1,
        null,
        1,
        2,
        2,
        null,
        2,
        2,
        null,
        null
      ],
      "/Users/sowmyaudai/projects/went-to-bali-mwahaha/app/models/order.rb": [
        1,
        1,
        1,
        1,
        null,
        1,
        null,
        1,
        0,
        null,
        null,
        null,
        1,
        0,
        0,
        0,
        null,
        null
      ],
      "/Users/sowmyaudai/projects/went-to-bali-mwahaha/spec/models/product_spec.rb": [
        1,
        null,
        1,
        2,
        2,
        2,
        2,
        null
      ],
      "/Users/sowmyaudai/projects/went-to-bali-mwahaha/app/models/product.rb": [
        1,
        1,
        1,
        null,
        1,
        null,
        1,
        null,
        null
      ],
      "/Users/sowmyaudai/projects/went-to-bali-mwahaha/spec/models/user_spec.rb": [
        1,
        null,
        1,
        2,
        2,
        2,
        2,
        2,
        null,
        2,
        2,
        null
      ],
      "/Users/sowmyaudai/projects/went-to-bali-mwahaha/app/models/user.rb": [
        1,
        1,
        1,
        1,
        1,
        1,
        null,
        null,
        1,
        0,
        null,
        null
      ]
    },
    "timestamp": 1500222122
  }
}
